c:\users\jorda\source\repos\jordan-pryor\the-abyss\the aybss\x64\debug\vc143.pdb
c:\users\jorda\source\repos\jordan-pryor\the-abyss\the aybss\x64\debug\vc143.idb
c:\users\jorda\source\repos\jordan-pryor\the-abyss\the aybss\x64\debug\basegame.obj
c:\users\jorda\source\repos\jordan-pryor\the-abyss\the aybss\x64\debug\player.obj
c:\users\jorda\source\repos\jordan-pryor\the-abyss\the aybss\x64\debug\items.obj
c:\users\jorda\source\repos\jordan-pryor\the-abyss\the aybss\x64\debug\input.obj
c:\users\jorda\source\repos\jordan-pryor\the-abyss\the aybss\x64\debug\console.obj
c:\users\jorda\source\repos\jordan-pryor\the-abyss\the aybss\x64\debug\abyss.obj
c:\users\jorda\source\repos\jordan-pryor\the-abyss\x64\debug\the aybss.pdb
c:\users\jorda\source\repos\jordan-pryor\the-abyss\the aybss\x64\debug\the aybss.tlog\cl.command.1.tlog
c:\users\jorda\source\repos\jordan-pryor\the-abyss\the aybss\x64\debug\the aybss.tlog\cl.read.1.tlog
c:\users\jorda\source\repos\jordan-pryor\the-abyss\the aybss\x64\debug\the aybss.tlog\cl.write.1.tlog
c:\users\jorda\source\repos\jordan-pryor\the-abyss\the aybss\x64\debug\the aybss.tlog\link-cvtres.read.1.tlog
c:\users\jorda\source\repos\jordan-pryor\the-abyss\the aybss\x64\debug\the aybss.tlog\link-cvtres.write.1.tlog
c:\users\jorda\source\repos\jordan-pryor\the-abyss\the aybss\x64\debug\the aybss.tlog\link-rc.read.1.tlog
c:\users\jorda\source\repos\jordan-pryor\the-abyss\the aybss\x64\debug\the aybss.tlog\link-rc.write.1.tlog
c:\users\jorda\source\repos\jordan-pryor\the-abyss\the aybss\x64\debug\the aybss.tlog\link.command.1.tlog
c:\users\jorda\source\repos\jordan-pryor\the-abyss\the aybss\x64\debug\the aybss.tlog\link.read.1.tlog
c:\users\jorda\source\repos\jordan-pryor\the-abyss\the aybss\x64\debug\the aybss.tlog\link.read.2.tlog
c:\users\jorda\source\repos\jordan-pryor\the-abyss\the aybss\x64\debug\the aybss.tlog\link.read.3.tlog
c:\users\jorda\source\repos\jordan-pryor\the-abyss\the aybss\x64\debug\the aybss.tlog\link.read.4.tlog
c:\users\jorda\source\repos\jordan-pryor\the-abyss\the aybss\x64\debug\the aybss.tlog\link.write.1.tlog
